[debug] > Exec(run, None, None)
[debug] Evaluating tasks: Compile / run
[debug] Running task... Cancel: Signal, check cycles: false, forcegc: true
[warn] 
[warn] 	Note: Some unresolved dependencies have extra attributes.  Check that these dependencies exist with the requested attributes.
[warn] 		com.typesafe.sbt:sbt-js-engine:1.2.3 (scalaVersion=2.12, sbtVersion=1.0)
[warn] 		com.typesafe.sbt:sbt-native-packager:1.5.2 (scalaVersion=2.12, sbtVersion=1.0)
[warn] 		com.lightbend.sbt:sbt-javaagent:0.1.5 (scalaVersion=2.12, sbtVersion=1.0)
[warn] 		com.typesafe.sbt:sbt-twirl:1.5.1 (scalaVersion=2.12, sbtVersion=1.0)
[warn] 		com.typesafe.sbt:sbt-web:1.4.4 (scalaVersion=2.12, sbtVersion=1.0)
[warn] 
[warn] 	Note: Unresolved dependencies path:
[error] sbt.librarymanagement.ResolveException: Error downloading com.typesafe.sbt:sbt-js-engine;sbtVersion=1.0;scalaVersion=2.12:1.2.3
[error]   Not found
[error]   Not found
[error]   not found: C:\Users\Bass4Nation\.ivy2\localcom.typesafe.sbt\sbt-js-engine\scala_2.12\sbt_1.0\1.2.3\ivys\ivy.xml
[error]   not found: https://repo1.maven.org/maven2/com/typesafe/sbt/sbt-js-engine_2.12_1.0/1.2.3/sbt-js-engine-1.2.3.pom
[error] Error downloading com.typesafe.sbt:sbt-native-packager;sbtVersion=1.0;scalaVersion=2.12:1.5.2
[error]   Not found
[error]   Not found
[error]   not found: C:\Users\Bass4Nation\.ivy2\localcom.typesafe.sbt\sbt-native-packager\scala_2.12\sbt_1.0\1.5.2\ivys\ivy.xml
[error]   not found: https://repo1.maven.org/maven2/com/typesafe/sbt/sbt-native-packager_2.12_1.0/1.5.2/sbt-native-packager-1.5.2.pom
[error] Error downloading com.lightbend.sbt:sbt-javaagent;sbtVersion=1.0;scalaVersion=2.12:0.1.5
[error]   Not found
[error]   Not found
[error]   not found: C:\Users\Bass4Nation\.ivy2\localcom.lightbend.sbt\sbt-javaagent\scala_2.12\sbt_1.0\0.1.5\ivys\ivy.xml
[error]   not found: https://repo1.maven.org/maven2/com/lightbend/sbt/sbt-javaagent_2.12_1.0/0.1.5/sbt-javaagent-0.1.5.pom
[error] Error downloading com.typesafe.sbt:sbt-twirl;sbtVersion=1.0;scalaVersion=2.12:1.5.1
[error]   Not found
[error]   Not found
[error]   not found: C:\Users\Bass4Nation\.ivy2\localcom.typesafe.sbt\sbt-twirl\scala_2.12\sbt_1.0\1.5.1\ivys\ivy.xml
[error]   not found: https://repo1.maven.org/maven2/com/typesafe/sbt/sbt-twirl_2.12_1.0/1.5.1/sbt-twirl-1.5.1.pom
[error] Error downloading com.typesafe.sbt:sbt-web;sbtVersion=1.0;scalaVersion=2.12:1.4.4
[error]   Not found
[error]   Not found
[error]   not found: C:\Users\Bass4Nation\.ivy2\localcom.typesafe.sbt\sbt-web\scala_2.12\sbt_1.0\1.4.4\ivys\ivy.xml
[error]   not found: https://repo1.maven.org/maven2/com/typesafe/sbt/sbt-web_2.12_1.0/1.4.4/sbt-web-1.4.4.pom
[error] 	at lmcoursier.CoursierDependencyResolution.unresolvedWarningOrThrow(CoursierDependencyResolution.scala:258)
[error] 	at lmcoursier.CoursierDependencyResolution.$anonfun$update$38(CoursierDependencyResolution.scala:227)
[error] 	at scala.util.Either$LeftProjection.map(Either.scala:573)
[error] 	at lmcoursier.CoursierDependencyResolution.update(CoursierDependencyResolution.scala:227)
[error] 	at sbt.librarymanagement.DependencyResolution.update(DependencyResolution.scala:60)
[error] 	at sbt.internal.LibraryManagement$.resolve$1(LibraryManagement.scala:59)
[error] 	at sbt.internal.LibraryManagement$.$anonfun$cachedUpdate$12(LibraryManagement.scala:133)
[error] 	at sbt.util.Tracked$.$anonfun$lastOutput$1(Tracked.scala:73)
[error] 	at sbt.internal.LibraryManagement$.$anonfun$cachedUpdate$20(LibraryManagement.scala:146)
[error] 	at scala.util.control.Exception$Catch.apply(Exception.scala:228)
[error] 	at sbt.internal.LibraryManagement$.$anonfun$cachedUpdate$11(LibraryManagement.scala:146)
[error] 	at sbt.internal.LibraryManagement$.$anonfun$cachedUpdate$11$adapted(LibraryManagement.scala:127)
[error] 	at sbt.util.Tracked$.$anonfun$inputChangedW$1(Tracked.scala:219)
[error] 	at sbt.internal.LibraryManagement$.cachedUpdate(LibraryManagement.scala:160)
[error] 	at sbt.Classpaths$.$anonfun$updateTask0$1(Defaults.scala:3678)
[error] 	at scala.Function1.$anonfun$compose$1(Function1.scala:49)
[error] 	at sbt.internal.util.$tilde$greater.$anonfun$$u2219$1(TypeFunctions.scala:62)
[error] 	at sbt.std.Transform$$anon$4.work(Transform.scala:68)
[error] 	at sbt.Execute.$anonfun$submit$2(Execute.scala:282)
[error] 	at sbt.internal.util.ErrorHandling$.wideConvert(ErrorHandling.scala:23)
[error] 	at sbt.Execute.work(Execute.scala:291)
[error] 	at sbt.Execute.$anonfun$submit$1(Execute.scala:282)
[error] 	at sbt.ConcurrentRestrictions$$anon$4.$anonfun$submitValid$1(ConcurrentRestrictions.scala:265)
[error] 	at sbt.CompletionService$$anon$2.call(CompletionService.scala:64)
[error] 	at java.base/java.util.concurrent.FutureTask.run(FutureTask.java:264)
[error] 	at java.base/java.util.concurrent.Executors$RunnableAdapter.call(Executors.java:515)
[error] 	at java.base/java.util.concurrent.FutureTask.run(FutureTask.java:264)
[error] 	at java.base/java.util.concurrent.ThreadPoolExecutor.runWorker(ThreadPoolExecutor.java:1128)
[error] 	at java.base/java.util.concurrent.ThreadPoolExecutor$Worker.run(ThreadPoolExecutor.java:628)
[error] 	at java.base/java.lang.Thread.run(Thread.java:829)
[error] (update) sbt.librarymanagement.ResolveException: Error downloading com.typesafe.sbt:sbt-js-engine;sbtVersion=1.0;scalaVersion=2.12:1.2.3
[error]   Not found
[error]   Not found
[error]   not found: C:\Users\Bass4Nation\.ivy2\localcom.typesafe.sbt\sbt-js-engine\scala_2.12\sbt_1.0\1.2.3\ivys\ivy.xml
[error]   not found: https://repo1.maven.org/maven2/com/typesafe/sbt/sbt-js-engine_2.12_1.0/1.2.3/sbt-js-engine-1.2.3.pom
[error] Error downloading com.typesafe.sbt:sbt-native-packager;sbtVersion=1.0;scalaVersion=2.12:1.5.2
[error]   Not found
[error]   Not found
[error]   not found: C:\Users\Bass4Nation\.ivy2\localcom.typesafe.sbt\sbt-native-packager\scala_2.12\sbt_1.0\1.5.2\ivys\ivy.xml
[error]   not found: https://repo1.maven.org/maven2/com/typesafe/sbt/sbt-native-packager_2.12_1.0/1.5.2/sbt-native-packager-1.5.2.pom
[error] Error downloading com.lightbend.sbt:sbt-javaagent;sbtVersion=1.0;scalaVersion=2.12:0.1.5
[error]   Not found
[error]   Not found
[error]   not found: C:\Users\Bass4Nation\.ivy2\localcom.lightbend.sbt\sbt-javaagent\scala_2.12\sbt_1.0\0.1.5\ivys\ivy.xml
[error]   not found: https://repo1.maven.org/maven2/com/lightbend/sbt/sbt-javaagent_2.12_1.0/0.1.5/sbt-javaagent-0.1.5.pom
[error] Error downloading com.typesafe.sbt:sbt-twirl;sbtVersion=1.0;scalaVersion=2.12:1.5.1
[error]   Not found
[error]   Not found
[error]   not found: C:\Users\Bass4Nation\.ivy2\localcom.typesafe.sbt\sbt-twirl\scala_2.12\sbt_1.0\1.5.1\ivys\ivy.xml
[error]   not found: https://repo1.maven.org/maven2/com/typesafe/sbt/sbt-twirl_2.12_1.0/1.5.1/sbt-twirl-1.5.1.pom
[error] Error downloading com.typesafe.sbt:sbt-web;sbtVersion=1.0;scalaVersion=2.12:1.4.4
[error]   Not found
[error]   Not found
[error]   not found: C:\Users\Bass4Nation\.ivy2\localcom.typesafe.sbt\sbt-web\scala_2.12\sbt_1.0\1.4.4\ivys\ivy.xml
[error]   not found: https://repo1.maven.org/maven2/com/typesafe/sbt/sbt-web_2.12_1.0/1.4.4/sbt-web-1.4.4.pom
[error] Total time: 1 s, completed Apr 6, 2022, 1:09:16 PM
[debug] > Exec(idea-shell, None, None)
